[2015-05-28 17:49:23] production.ERROR: exception 'PDOException' with message 'SQLSTATE[HY000] [1044] Access denied for user ''@'localhost' to database 'forge'' in D:\working\Codes\laravel-test\vendor\laravel\framework\src\Illuminate\Database\Connectors\Connector.php:47
Stack trace:
#0 D:\working\Codes\laravel-test\vendor\laravel\framework\src\Illuminate\Database\Connectors\Connector.php(47): PDO->__construct('mysql:host=loca...', 'forge', '', Array)
#1 D:\working\Codes\laravel-test\vendor\laravel\framework\src\Illuminate\Database\Connectors\MySqlConnector.php(20): Illuminate\Database\Connectors\Connector->createConnection('mysql:host=loca...', Array, Array)
#2 D:\working\Codes\laravel-test\vendor\compiled.php(10935): Illuminate\Database\Connectors\MySqlConnector->connect(Array)
#3 D:\working\Codes\laravel-test\vendor\compiled.php(10931): Illuminate\Database\Connectors\ConnectionFactory->createSingleConnection(Array)
#4 D:\working\Codes\laravel-test\vendor\compiled.php(10847): Illuminate\Database\Connectors\ConnectionFactory->make(Array, 'mysql')
#5 D:\working\Codes\laravel-test\vendor\compiled.php(10802): Illuminate\Database\DatabaseManager->makeConnection('mysql')
#6 D:\working\Codes\laravel-test\vendor\compiled.php(10680): Illuminate\Database\DatabaseManager->connection(NULL)
#7 D:\working\Codes\laravel-test\vendor\compiled.php(10667): Illuminate\Database\Eloquent\Model::resolveConnection(NULL)
#8 D:\working\Codes\laravel-test\vendor\compiled.php(10156): Illuminate\Database\Eloquent\Model->getConnection()
#9 D:\working\Codes\laravel-test\vendor\compiled.php(10133): Illuminate\Database\Eloquent\Model->newBaseQueryBuilder()
#10 D:\working\Codes\laravel-test\vendor\compiled.php(10123): Illuminate\Database\Eloquent\Model->newQueryWithoutScopes()
#11 D:\working\Codes\laravel-test\vendor\compiled.php(10764): Illuminate\Database\Eloquent\Model->newQuery()
#12 [internal function]: Illuminate\Database\Eloquent\Model->__call('where', Array)
#13 [internal function]: App\User->where('id', '>', 0)
#14 D:\working\Codes\laravel-test\vendor\compiled.php(10770): call_user_func_array(Array, Array)
#15 D:\working\Codes\laravel-test\app\Http\Controllers\UserController.php(21): Illuminate\Database\Eloquent\Model::__callStatic('where', Array)
#16 D:\working\Codes\laravel-test\app\Http\Controllers\UserController.php(21): App\User::where('id', '>', 0)
#17 [internal function]: App\Http\Controllers\UserController->index()
#18 D:\working\Codes\laravel-test\vendor\compiled.php(8501): call_user_func_array(Array, Array)
#19 D:\working\Codes\laravel-test\vendor\compiled.php(8569): Illuminate\Routing\Controller->callAction('index', Array)
#20 D:\working\Codes\laravel-test\vendor\compiled.php(8548): Illuminate\Routing\ControllerDispatcher->call(Object(App\Http\Controllers\UserController), Object(Illuminate\Routing\Route), 'index')
#21 [internal function]: Illuminate\Routing\ControllerDispatcher->Illuminate\Routing\{closure}(Object(Illuminate\Http\Request))
#22 D:\working\Codes\laravel-test\vendor\compiled.php(9187): call_user_func(Object(Closure), Object(Illuminate\Http\Request))
#23 [internal function]: Illuminate\Pipeline\Pipeline->Illuminate\Pipeline\{closure}(Object(Illuminate\Http\Request))
#24 D:\working\Codes\laravel-test\vendor\compiled.php(9170): call_user_func(Object(Closure), Object(Illuminate\Http\Request))
#25 D:\working\Codes\laravel-test\vendor\compiled.php(8549): Illuminate\Pipeline\Pipeline->then(Object(Closure))
#26 D:\working\Codes\laravel-test\vendor\compiled.php(8535): Illuminate\Routing\ControllerDispatcher->callWithinStack(Object(App\Http\Controllers\UserController), Object(Illuminate\Routing\Route), Object(Illuminate\Http\Request), 'index')
#27 D:\working\Codes\laravel-test\vendor\compiled.php(7526): Illuminate\Routing\ControllerDispatcher->dispatch(Object(Illuminate\Routing\Route), Object(Illuminate\Http\Request), 'App\\Http\\Contro...', 'index')
#28 D:\working\Codes\laravel-test\vendor\compiled.php(7497): Illuminate\Routing\Route->runWithCustomDispatcher(Object(Illuminate\Http\Request))
#29 D:\working\Codes\laravel-test\vendor\compiled.php(7162): Illuminate\Routing\Route->run(Object(Illuminate\Http\Request))
#30 [internal function]: Illuminate\Routing\Router->Illuminate\Routing\{closure}(Object(Illuminate\Http\Request))
#31 D:\working\Codes\laravel-test\vendor\compiled.php(9187): call_user_func(Object(Closure), Object(Illuminate\Http\Request))
#32 [internal function]: Illuminate\Pipeline\Pipeline->Illuminate\Pipeline\{closure}(Object(Illuminate\Http\Request))
#33 D:\working\Codes\laravel-test\vendor\compiled.php(9170): call_user_func(Object(Closure), Object(Illuminate\Http\Request))
#34 D:\working\Codes\laravel-test\vendor\compiled.php(7163): Illuminate\Pipeline\Pipeline->then(Object(Closure))
#35 D:\working\Codes\laravel-test\vendor\compiled.php(7152): Illuminate\Routing\Router->runRouteWithinStack(Object(Illuminate\Routing\Route), Object(Illuminate\Http\Request))
#36 D:\working\Codes\laravel-test\vendor\compiled.php(7137): Illuminate\Routing\Router->dispatchToRoute(Object(Illuminate\Http\Request))
#37 D:\working\Codes\laravel-test\vendor\compiled.php(2035): Illuminate\Routing\Router->dispatch(Object(Illuminate\Http\Request))
#38 [internal function]: Illuminate\Foundation\Http\Kernel->Illuminate\Foundation\Http\{closure}(Object(Illuminate\Http\Request))
#39 D:\working\Codes\laravel-test\vendor\compiled.php(9187): call_user_func(Object(Closure), Object(Illuminate\Http\Request))
#40 D:\working\Codes\laravel-test\vendor\compiled.php(2543): Illuminate\Pipeline\Pipeline->Illuminate\Pipeline\{closure}(Object(Illuminate\Http\Request))
#41 D:\working\Codes\laravel-test\app\Http\Middleware\VerifyCsrfToken.php(17): Illuminate\Foundation\Http\Middleware\VerifyCsrfToken->handle(Object(Illuminate\Http\Request), Object(Closure))
#42 D:\working\Codes\laravel-test\vendor\compiled.php(9179): App\Http\Middleware\VerifyCsrfToken->handle(Object(Illuminate\Http\Request), Object(Closure))
#43 D:\working\Codes\laravel-test\vendor\compiled.php(12359): Illuminate\Pipeline\Pipeline->Illuminate\Pipeline\{closure}(Object(Illuminate\Http\Request))
#44 D:\working\Codes\laravel-test\vendor\compiled.php(9179): Illuminate\View\Middleware\ShareErrorsFromSession->handle(Object(Illuminate\Http\Request), Object(Closure))
#45 D:\working\Codes\laravel-test\vendor\compiled.php(11049): Illuminate\Pipeline\Pipeline->Illuminate\Pipeline\{closure}(Object(Illuminate\Http\Request))
#46 D:\working\Codes\laravel-test\vendor\compiled.php(9179): Illuminate\Session\Middleware\StartSession->handle(Object(Illuminate\Http\Request), Object(Closure))
#47 D:\working\Codes\laravel-test\vendor\compiled.php(12061): Illuminate\Pipeline\Pipeline->Illuminate\Pipeline\{closure}(Object(Illuminate\Http\Request))
#48 D:\working\Codes\laravel-test\vendor\compiled.php(9179): Illuminate\Cookie\Middleware\AddQueuedCookiesToResponse->handle(Object(Illuminate\Http\Request), Object(Closure))
#49 D:\working\Codes\laravel-test\vendor\compiled.php(12009): Illuminate\Pipeline\Pipeline->Illuminate\Pipeline\{closure}(Object(Illuminate\Http\Request))
#50 D:\working\Codes\laravel-test\vendor\compiled.php(9179): Illuminate\Cookie\Middleware\EncryptCookies->handle(Object(Illuminate\Http\Request), Object(Closure))
#51 D:\working\Codes\laravel-test\vendor\compiled.php(2584): Illuminate\Pipeline\Pipeline->Illuminate\Pipeline\{closure}(Object(Illuminate\Http\Request))
#52 D:\working\Codes\laravel-test\vendor\compiled.php(9179): Illuminate\Foundation\Http\Middleware\CheckForMaintenanceMode->handle(Object(Illuminate\Http\Request), Object(Closure))
#53 [internal function]: Illuminate\Pipeline\Pipeline->Illuminate\Pipeline\{closure}(Object(Illuminate\Http\Request))
#54 D:\working\Codes\laravel-test\vendor\compiled.php(9170): call_user_func(Object(Closure), Object(Illuminate\Http\Request))
#55 D:\working\Codes\laravel-test\vendor\compiled.php(1991): Illuminate\Pipeline\Pipeline->then(Object(Closure))
#56 D:\working\Codes\laravel-test\vendor\compiled.php(1978): Illuminate\Foundation\Http\Kernel->sendRequestThroughRouter(Object(Illuminate\Http\Request))
#57 D:\working\Codes\laravel-test\public\index.php(53): Illuminate\Foundation\Http\Kernel->handle(Object(Illuminate\Http\Request))
#58 D:\working\Codes\laravel-test\server.php(21): require_once('D:\\working\\Code...')
#59 {main}  
[2015-05-28 17:49:32] production.ERROR: exception 'PDOException' with message 'SQLSTATE[HY000] [1044] Access denied for user ''@'localhost' to database 'forge'' in D:\working\Codes\laravel-test\vendor\laravel\framework\src\Illuminate\Database\Connectors\Connector.php:47
Stack trace:
#0 D:\working\Codes\laravel-test\vendor\laravel\framework\src\Illuminate\Database\Connectors\Connector.php(47): PDO->__construct('mysql:host=loca...', 'forge', '', Array)
#1 D:\working\Codes\laravel-test\vendor\laravel\framework\src\Illuminate\Database\Connectors\MySqlConnector.php(20): Illuminate\Database\Connectors\Connector->createConnection('mysql:host=loca...', Array, Array)
#2 D:\working\Codes\laravel-test\vendor\compiled.php(10935): Illuminate\Database\Connectors\MySqlConnector->connect(Array)
#3 D:\working\Codes\laravel-test\vendor\compiled.php(10931): Illuminate\Database\Connectors\ConnectionFactory->createSingleConnection(Array)
#4 D:\working\Codes\laravel-test\vendor\compiled.php(10847): Illuminate\Database\Connectors\ConnectionFactory->make(Array, 'mysql')
#5 D:\working\Codes\laravel-test\vendor\compiled.php(10802): Illuminate\Database\DatabaseManager->makeConnection('mysql')
#6 D:\working\Codes\laravel-test\vendor\compiled.php(10680): Illuminate\Database\DatabaseManager->connection(NULL)
#7 D:\working\Codes\laravel-test\vendor\compiled.php(10667): Illuminate\Database\Eloquent\Model::resolveConnection(NULL)
#8 D:\working\Codes\laravel-test\vendor\compiled.php(10156): Illuminate\Database\Eloquent\Model->getConnection()
#9 D:\working\Codes\laravel-test\vendor\compiled.php(10133): Illuminate\Database\Eloquent\Model->newBaseQueryBuilder()
#10 D:\working\Codes\laravel-test\vendor\compiled.php(10123): Illuminate\Database\Eloquent\Model->newQueryWithoutScopes()
#11 D:\working\Codes\laravel-test\vendor\compiled.php(9678): Illuminate\Database\Eloquent\Model->newQuery()
#12 D:\working\Codes\laravel-test\app\Http\Controllers\PostController.php(20): Illuminate\Database\Eloquent\Model::all()
#13 [internal function]: App\Http\Controllers\PostController->index()
#14 D:\working\Codes\laravel-test\vendor\compiled.php(8501): call_user_func_array(Array, Array)
#15 D:\working\Codes\laravel-test\vendor\compiled.php(8569): Illuminate\Routing\Controller->callAction('index', Array)
#16 D:\working\Codes\laravel-test\vendor\compiled.php(8548): Illuminate\Routing\ControllerDispatcher->call(Object(App\Http\Controllers\PostController), Object(Illuminate\Routing\Route), 'index')
#17 [internal function]: Illuminate\Routing\ControllerDispatcher->Illuminate\Routing\{closure}(Object(Illuminate\Http\Request))
#18 D:\working\Codes\laravel-test\vendor\compiled.php(9187): call_user_func(Object(Closure), Object(Illuminate\Http\Request))
#19 [internal function]: Illuminate\Pipeline\Pipeline->Illuminate\Pipeline\{closure}(Object(Illuminate\Http\Request))
#20 D:\working\Codes\laravel-test\vendor\compiled.php(9170): call_user_func(Object(Closure), Object(Illuminate\Http\Request))
#21 D:\working\Codes\laravel-test\vendor\compiled.php(8549): Illuminate\Pipeline\Pipeline->then(Object(Closure))
#22 D:\working\Codes\laravel-test\vendor\compiled.php(8535): Illuminate\Routing\ControllerDispatcher->callWithinStack(Object(App\Http\Controllers\PostController), Object(Illuminate\Routing\Route), Object(Illuminate\Http\Request), 'index')
#23 D:\working\Codes\laravel-test\vendor\compiled.php(7526): Illuminate\Routing\ControllerDispatcher->dispatch(Object(Illuminate\Routing\Route), Object(Illuminate\Http\Request), 'App\\Http\\Contro...', 'index')
#24 D:\working\Codes\laravel-test\vendor\compiled.php(7497): Illuminate\Routing\Route->runWithCustomDispatcher(Object(Illuminate\Http\Request))
#25 D:\working\Codes\laravel-test\vendor\compiled.php(7162): Illuminate\Routing\Route->run(Object(Illuminate\Http\Request))
#26 [internal function]: Illuminate\Routing\Router->Illuminate\Routing\{closure}(Object(Illuminate\Http\Request))
#27 D:\working\Codes\laravel-test\vendor\compiled.php(9187): call_user_func(Object(Closure), Object(Illuminate\Http\Request))
#28 [internal function]: Illuminate\Pipeline\Pipeline->Illuminate\Pipeline\{closure}(Object(Illuminate\Http\Request))
#29 D:\working\Codes\laravel-test\vendor\compiled.php(9170): call_user_func(Object(Closure), Object(Illuminate\Http\Request))
#30 D:\working\Codes\laravel-test\vendor\compiled.php(7163): Illuminate\Pipeline\Pipeline->then(Object(Closure))
#31 D:\working\Codes\laravel-test\vendor\compiled.php(7152): Illuminate\Routing\Router->runRouteWithinStack(Object(Illuminate\Routing\Route), Object(Illuminate\Http\Request))
#32 D:\working\Codes\laravel-test\vendor\compiled.php(7137): Illuminate\Routing\Router->dispatchToRoute(Object(Illuminate\Http\Request))
#33 D:\working\Codes\laravel-test\vendor\compiled.php(2035): Illuminate\Routing\Router->dispatch(Object(Illuminate\Http\Request))
#34 [internal function]: Illuminate\Foundation\Http\Kernel->Illuminate\Foundation\Http\{closure}(Object(Illuminate\Http\Request))
#35 D:\working\Codes\laravel-test\vendor\compiled.php(9187): call_user_func(Object(Closure), Object(Illuminate\Http\Request))
#36 D:\working\Codes\laravel-test\vendor\compiled.php(2543): Illuminate\Pipeline\Pipeline->Illuminate\Pipeline\{closure}(Object(Illuminate\Http\Request))
#37 D:\working\Codes\laravel-test\app\Http\Middleware\VerifyCsrfToken.php(17): Illuminate\Foundation\Http\Middleware\VerifyCsrfToken->handle(Object(Illuminate\Http\Request), Object(Closure))
#38 D:\working\Codes\laravel-test\vendor\compiled.php(9179): App\Http\Middleware\VerifyCsrfToken->handle(Object(Illuminate\Http\Request), Object(Closure))
#39 D:\working\Codes\laravel-test\vendor\compiled.php(12359): Illuminate\Pipeline\Pipeline->Illuminate\Pipeline\{closure}(Object(Illuminate\Http\Request))
#40 D:\working\Codes\laravel-test\vendor\compiled.php(9179): Illuminate\View\Middleware\ShareErrorsFromSession->handle(Object(Illuminate\Http\Request), Object(Closure))
#41 D:\working\Codes\laravel-test\vendor\compiled.php(11049): Illuminate\Pipeline\Pipeline->Illuminate\Pipeline\{closure}(Object(Illuminate\Http\Request))
#42 D:\working\Codes\laravel-test\vendor\compiled.php(9179): Illuminate\Session\Middleware\StartSession->handle(Object(Illuminate\Http\Request), Object(Closure))
#43 D:\working\Codes\laravel-test\vendor\compiled.php(12061): Illuminate\Pipeline\Pipeline->Illuminate\Pipeline\{closure}(Object(Illuminate\Http\Request))
#44 D:\working\Codes\laravel-test\vendor\compiled.php(9179): Illuminate\Cookie\Middleware\AddQueuedCookiesToResponse->handle(Object(Illuminate\Http\Request), Object(Closure))
#45 D:\working\Codes\laravel-test\vendor\compiled.php(12009): Illuminate\Pipeline\Pipeline->Illuminate\Pipeline\{closure}(Object(Illuminate\Http\Request))
#46 D:\working\Codes\laravel-test\vendor\compiled.php(9179): Illuminate\Cookie\Middleware\EncryptCookies->handle(Object(Illuminate\Http\Request), Object(Closure))
#47 D:\working\Codes\laravel-test\vendor\compiled.php(2584): Illuminate\Pipeline\Pipeline->Illuminate\Pipeline\{closure}(Object(Illuminate\Http\Request))
#48 D:\working\Codes\laravel-test\vendor\compiled.php(9179): Illuminate\Foundation\Http\Middleware\CheckForMaintenanceMode->handle(Object(Illuminate\Http\Request), Object(Closure))
#49 [internal function]: Illuminate\Pipeline\Pipeline->Illuminate\Pipeline\{closure}(Object(Illuminate\Http\Request))
#50 D:\working\Codes\laravel-test\vendor\compiled.php(9170): call_user_func(Object(Closure), Object(Illuminate\Http\Request))
#51 D:\working\Codes\laravel-test\vendor\compiled.php(1991): Illuminate\Pipeline\Pipeline->then(Object(Closure))
#52 D:\working\Codes\laravel-test\vendor\compiled.php(1978): Illuminate\Foundation\Http\Kernel->sendRequestThroughRouter(Object(Illuminate\Http\Request))
#53 D:\working\Codes\laravel-test\public\index.php(53): Illuminate\Foundation\Http\Kernel->handle(Object(Illuminate\Http\Request))
#54 D:\working\Codes\laravel-test\server.php(21): require_once('D:\\working\\Code...')
#55 {main}  
[2015-05-28 17:52:11] production.ERROR: exception 'PDOException' with message 'SQLSTATE[HY000] [1044] Access denied for user ''@'localhost' to database 'forge'' in D:\working\Codes\laravel-test\vendor\laravel\framework\src\Illuminate\Database\Connectors\Connector.php:47
Stack trace:
#0 D:\working\Codes\laravel-test\vendor\laravel\framework\src\Illuminate\Database\Connectors\Connector.php(47): PDO->__construct('mysql:host=loca...', 'forge', '', Array)
#1 D:\working\Codes\laravel-test\vendor\laravel\framework\src\Illuminate\Database\Connectors\MySqlConnector.php(20): Illuminate\Database\Connectors\Connector->createConnection('mysql:host=loca...', Array, Array)
#2 D:\working\Codes\laravel-test\vendor\compiled.php(10935): Illuminate\Database\Connectors\MySqlConnector->connect(Array)
#3 D:\working\Codes\laravel-test\vendor\compiled.php(10931): Illuminate\Database\Connectors\ConnectionFactory->createSingleConnection(Array)
#4 D:\working\Codes\laravel-test\vendor\compiled.php(10847): Illuminate\Database\Connectors\ConnectionFactory->make(Array, 'mysql')
#5 D:\working\Codes\laravel-test\vendor\compiled.php(10802): Illuminate\Database\DatabaseManager->makeConnection('mysql')
#6 D:\working\Codes\laravel-test\vendor\compiled.php(10680): Illuminate\Database\DatabaseManager->connection(NULL)
#7 D:\working\Codes\laravel-test\vendor\compiled.php(10667): Illuminate\Database\Eloquent\Model::resolveConnection(NULL)
#8 D:\working\Codes\laravel-test\vendor\compiled.php(10156): Illuminate\Database\Eloquent\Model->getConnection()
#9 D:\working\Codes\laravel-test\vendor\compiled.php(10133): Illuminate\Database\Eloquent\Model->newBaseQueryBuilder()
#10 D:\working\Codes\laravel-test\vendor\compiled.php(10123): Illuminate\Database\Eloquent\Model->newQueryWithoutScopes()
#11 D:\working\Codes\laravel-test\vendor\compiled.php(9678): Illuminate\Database\Eloquent\Model->newQuery()
#12 D:\working\Codes\laravel-test\app\Http\Controllers\PostController.php(20): Illuminate\Database\Eloquent\Model::all()
#13 [internal function]: App\Http\Controllers\PostController->index()
#14 D:\working\Codes\laravel-test\vendor\compiled.php(8501): call_user_func_array(Array, Array)
#15 D:\working\Codes\laravel-test\vendor\compiled.php(8569): Illuminate\Routing\Controller->callAction('index', Array)
#16 D:\working\Codes\laravel-test\vendor\compiled.php(8548): Illuminate\Routing\ControllerDispatcher->call(Object(App\Http\Controllers\PostController), Object(Illuminate\Routing\Route), 'index')
#17 [internal function]: Illuminate\Routing\ControllerDispatcher->Illuminate\Routing\{closure}(Object(Illuminate\Http\Request))
#18 D:\working\Codes\laravel-test\vendor\compiled.php(9187): call_user_func(Object(Closure), Object(Illuminate\Http\Request))
#19 [internal function]: Illuminate\Pipeline\Pipeline->Illuminate\Pipeline\{closure}(Object(Illuminate\Http\Request))
#20 D:\working\Codes\laravel-test\vendor\compiled.php(9170): call_user_func(Object(Closure), Object(Illuminate\Http\Request))
#21 D:\working\Codes\laravel-test\vendor\compiled.php(8549): Illuminate\Pipeline\Pipeline->then(Object(Closure))
#22 D:\working\Codes\laravel-test\vendor\compiled.php(8535): Illuminate\Routing\ControllerDispatcher->callWithinStack(Object(App\Http\Controllers\PostController), Object(Illuminate\Routing\Route), Object(Illuminate\Http\Request), 'index')
#23 D:\working\Codes\laravel-test\vendor\compiled.php(7526): Illuminate\Routing\ControllerDispatcher->dispatch(Object(Illuminate\Routing\Route), Object(Illuminate\Http\Request), 'App\\Http\\Contro...', 'index')
#24 D:\working\Codes\laravel-test\vendor\compiled.php(7497): Illuminate\Routing\Route->runWithCustomDispatcher(Object(Illuminate\Http\Request))
#25 D:\working\Codes\laravel-test\vendor\compiled.php(7162): Illuminate\Routing\Route->run(Object(Illuminate\Http\Request))
#26 [internal function]: Illuminate\Routing\Router->Illuminate\Routing\{closure}(Object(Illuminate\Http\Request))
#27 D:\working\Codes\laravel-test\vendor\compiled.php(9187): call_user_func(Object(Closure), Object(Illuminate\Http\Request))
#28 [internal function]: Illuminate\Pipeline\Pipeline->Illuminate\Pipeline\{closure}(Object(Illuminate\Http\Request))
#29 D:\working\Codes\laravel-test\vendor\compiled.php(9170): call_user_func(Object(Closure), Object(Illuminate\Http\Request))
#30 D:\working\Codes\laravel-test\vendor\compiled.php(7163): Illuminate\Pipeline\Pipeline->then(Object(Closure))
#31 D:\working\Codes\laravel-test\vendor\compiled.php(7152): Illuminate\Routing\Router->runRouteWithinStack(Object(Illuminate\Routing\Route), Object(Illuminate\Http\Request))
#32 D:\working\Codes\laravel-test\vendor\compiled.php(7137): Illuminate\Routing\Router->dispatchToRoute(Object(Illuminate\Http\Request))
#33 D:\working\Codes\laravel-test\vendor\compiled.php(2035): Illuminate\Routing\Router->dispatch(Object(Illuminate\Http\Request))
#34 [internal function]: Illuminate\Foundation\Http\Kernel->Illuminate\Foundation\Http\{closure}(Object(Illuminate\Http\Request))
#35 D:\working\Codes\laravel-test\vendor\compiled.php(9187): call_user_func(Object(Closure), Object(Illuminate\Http\Request))
#36 D:\working\Codes\laravel-test\vendor\compiled.php(2543): Illuminate\Pipeline\Pipeline->Illuminate\Pipeline\{closure}(Object(Illuminate\Http\Request))
#37 D:\working\Codes\laravel-test\app\Http\Middleware\VerifyCsrfToken.php(17): Illuminate\Foundation\Http\Middleware\VerifyCsrfToken->handle(Object(Illuminate\Http\Request), Object(Closure))
#38 D:\working\Codes\laravel-test\vendor\compiled.php(9179): App\Http\Middleware\VerifyCsrfToken->handle(Object(Illuminate\Http\Request), Object(Closure))
#39 D:\working\Codes\laravel-test\vendor\compiled.php(12359): Illuminate\Pipeline\Pipeline->Illuminate\Pipeline\{closure}(Object(Illuminate\Http\Request))
#40 D:\working\Codes\laravel-test\vendor\compiled.php(9179): Illuminate\View\Middleware\ShareErrorsFromSession->handle(Object(Illuminate\Http\Request), Object(Closure))
#41 D:\working\Codes\laravel-test\vendor\compiled.php(11049): Illuminate\Pipeline\Pipeline->Illuminate\Pipeline\{closure}(Object(Illuminate\Http\Request))
#42 D:\working\Codes\laravel-test\vendor\compiled.php(9179): Illuminate\Session\Middleware\StartSession->handle(Object(Illuminate\Http\Request), Object(Closure))
#43 D:\working\Codes\laravel-test\vendor\compiled.php(12061): Illuminate\Pipeline\Pipeline->Illuminate\Pipeline\{closure}(Object(Illuminate\Http\Request))
#44 D:\working\Codes\laravel-test\vendor\compiled.php(9179): Illuminate\Cookie\Middleware\AddQueuedCookiesToResponse->handle(Object(Illuminate\Http\Request), Object(Closure))
#45 D:\working\Codes\laravel-test\vendor\compiled.php(12009): Illuminate\Pipeline\Pipeline->Illuminate\Pipeline\{closure}(Object(Illuminate\Http\Request))
#46 D:\working\Codes\laravel-test\vendor\compiled.php(9179): Illuminate\Cookie\Middleware\EncryptCookies->handle(Object(Illuminate\Http\Request), Object(Closure))
#47 D:\working\Codes\laravel-test\vendor\compiled.php(2584): Illuminate\Pipeline\Pipeline->Illuminate\Pipeline\{closure}(Object(Illuminate\Http\Request))
#48 D:\working\Codes\laravel-test\vendor\compiled.php(9179): Illuminate\Foundation\Http\Middleware\CheckForMaintenanceMode->handle(Object(Illuminate\Http\Request), Object(Closure))
#49 [internal function]: Illuminate\Pipeline\Pipeline->Illuminate\Pipeline\{closure}(Object(Illuminate\Http\Request))
#50 D:\working\Codes\laravel-test\vendor\compiled.php(9170): call_user_func(Object(Closure), Object(Illuminate\Http\Request))
#51 D:\working\Codes\laravel-test\vendor\compiled.php(1991): Illuminate\Pipeline\Pipeline->then(Object(Closure))
#52 D:\working\Codes\laravel-test\vendor\compiled.php(1978): Illuminate\Foundation\Http\Kernel->sendRequestThroughRouter(Object(Illuminate\Http\Request))
#53 D:\working\Codes\laravel-test\public\index.php(53): Illuminate\Foundation\Http\Kernel->handle(Object(Illuminate\Http\Request))
#54 D:\working\Codes\laravel-test\server.php(21): require_once('D:\\working\\Code...')
#55 {main}  
[2015-05-28 17:53:34] local.ERROR: exception 'PDOException' with message 'SQLSTATE[HY000] [1049] Unknown database 'sample2'' in D:\working\Codes\laravel-test\vendor\laravel\framework\src\Illuminate\Database\Connectors\Connector.php:47
Stack trace:
#0 D:\working\Codes\laravel-test\vendor\laravel\framework\src\Illuminate\Database\Connectors\Connector.php(47): PDO->__construct('mysql:host=loca...', 'root', '', Array)
#1 D:\working\Codes\laravel-test\vendor\laravel\framework\src\Illuminate\Database\Connectors\MySqlConnector.php(20): Illuminate\Database\Connectors\Connector->createConnection('mysql:host=loca...', Array, Array)
#2 D:\working\Codes\laravel-test\vendor\compiled.php(10935): Illuminate\Database\Connectors\MySqlConnector->connect(Array)
#3 D:\working\Codes\laravel-test\vendor\compiled.php(10931): Illuminate\Database\Connectors\ConnectionFactory->createSingleConnection(Array)
#4 D:\working\Codes\laravel-test\vendor\compiled.php(10847): Illuminate\Database\Connectors\ConnectionFactory->make(Array, 'mysql')
#5 D:\working\Codes\laravel-test\vendor\compiled.php(10802): Illuminate\Database\DatabaseManager->makeConnection('mysql')
#6 D:\working\Codes\laravel-test\vendor\compiled.php(10680): Illuminate\Database\DatabaseManager->connection(NULL)
#7 D:\working\Codes\laravel-test\vendor\compiled.php(10667): Illuminate\Database\Eloquent\Model::resolveConnection(NULL)
#8 D:\working\Codes\laravel-test\vendor\compiled.php(10156): Illuminate\Database\Eloquent\Model->getConnection()
#9 D:\working\Codes\laravel-test\vendor\compiled.php(10133): Illuminate\Database\Eloquent\Model->newBaseQueryBuilder()
#10 D:\working\Codes\laravel-test\vendor\compiled.php(10123): Illuminate\Database\Eloquent\Model->newQueryWithoutScopes()
#11 D:\working\Codes\laravel-test\vendor\compiled.php(9678): Illuminate\Database\Eloquent\Model->newQuery()
#12 D:\working\Codes\laravel-test\app\Http\Controllers\PostController.php(20): Illuminate\Database\Eloquent\Model::all()
#13 [internal function]: App\Http\Controllers\PostController->index()
#14 D:\working\Codes\laravel-test\vendor\compiled.php(8501): call_user_func_array(Array, Array)
#15 D:\working\Codes\laravel-test\vendor\compiled.php(8569): Illuminate\Routing\Controller->callAction('index', Array)
#16 D:\working\Codes\laravel-test\vendor\compiled.php(8548): Illuminate\Routing\ControllerDispatcher->call(Object(App\Http\Controllers\PostController), Object(Illuminate\Routing\Route), 'index')
#17 [internal function]: Illuminate\Routing\ControllerDispatcher->Illuminate\Routing\{closure}(Object(Illuminate\Http\Request))
#18 D:\working\Codes\laravel-test\vendor\compiled.php(9187): call_user_func(Object(Closure), Object(Illuminate\Http\Request))
#19 [internal function]: Illuminate\Pipeline\Pipeline->Illuminate\Pipeline\{closure}(Object(Illuminate\Http\Request))
#20 D:\working\Codes\laravel-test\vendor\compiled.php(9170): call_user_func(Object(Closure), Object(Illuminate\Http\Request))
#21 D:\working\Codes\laravel-test\vendor\compiled.php(8549): Illuminate\Pipeline\Pipeline->then(Object(Closure))
#22 D:\working\Codes\laravel-test\vendor\compiled.php(8535): Illuminate\Routing\ControllerDispatcher->callWithinStack(Object(App\Http\Controllers\PostController), Object(Illuminate\Routing\Route), Object(Illuminate\Http\Request), 'index')
#23 D:\working\Codes\laravel-test\vendor\compiled.php(7526): Illuminate\Routing\ControllerDispatcher->dispatch(Object(Illuminate\Routing\Route), Object(Illuminate\Http\Request), 'App\\Http\\Contro...', 'index')
#24 D:\working\Codes\laravel-test\vendor\compiled.php(7497): Illuminate\Routing\Route->runWithCustomDispatcher(Object(Illuminate\Http\Request))
#25 D:\working\Codes\laravel-test\vendor\compiled.php(7162): Illuminate\Routing\Route->run(Object(Illuminate\Http\Request))
#26 [internal function]: Illuminate\Routing\Router->Illuminate\Routing\{closure}(Object(Illuminate\Http\Request))
#27 D:\working\Codes\laravel-test\vendor\compiled.php(9187): call_user_func(Object(Closure), Object(Illuminate\Http\Request))
#28 [internal function]: Illuminate\Pipeline\Pipeline->Illuminate\Pipeline\{closure}(Object(Illuminate\Http\Request))
#29 D:\working\Codes\laravel-test\vendor\compiled.php(9170): call_user_func(Object(Closure), Object(Illuminate\Http\Request))
#30 D:\working\Codes\laravel-test\vendor\compiled.php(7163): Illuminate\Pipeline\Pipeline->then(Object(Closure))
#31 D:\working\Codes\laravel-test\vendor\compiled.php(7152): Illuminate\Routing\Router->runRouteWithinStack(Object(Illuminate\Routing\Route), Object(Illuminate\Http\Request))
#32 D:\working\Codes\laravel-test\vendor\compiled.php(7137): Illuminate\Routing\Router->dispatchToRoute(Object(Illuminate\Http\Request))
#33 D:\working\Codes\laravel-test\vendor\compiled.php(2035): Illuminate\Routing\Router->dispatch(Object(Illuminate\Http\Request))
#34 [internal function]: Illuminate\Foundation\Http\Kernel->Illuminate\Foundation\Http\{closure}(Object(Illuminate\Http\Request))
#35 D:\working\Codes\laravel-test\vendor\compiled.php(9187): call_user_func(Object(Closure), Object(Illuminate\Http\Request))
#36 D:\working\Codes\laravel-test\vendor\compiled.php(2543): Illuminate\Pipeline\Pipeline->Illuminate\Pipeline\{closure}(Object(Illuminate\Http\Request))
#37 D:\working\Codes\laravel-test\app\Http\Middleware\VerifyCsrfToken.php(17): Illuminate\Foundation\Http\Middleware\VerifyCsrfToken->handle(Object(Illuminate\Http\Request), Object(Closure))
#38 D:\working\Codes\laravel-test\vendor\compiled.php(9179): App\Http\Middleware\VerifyCsrfToken->handle(Object(Illuminate\Http\Request), Object(Closure))
#39 D:\working\Codes\laravel-test\vendor\compiled.php(12359): Illuminate\Pipeline\Pipeline->Illuminate\Pipeline\{closure}(Object(Illuminate\Http\Request))
#40 D:\working\Codes\laravel-test\vendor\compiled.php(9179): Illuminate\View\Middleware\ShareErrorsFromSession->handle(Object(Illuminate\Http\Request), Object(Closure))
#41 D:\working\Codes\laravel-test\vendor\compiled.php(11049): Illuminate\Pipeline\Pipeline->Illuminate\Pipeline\{closure}(Object(Illuminate\Http\Request))
#42 D:\working\Codes\laravel-test\vendor\compiled.php(9179): Illuminate\Session\Middleware\StartSession->handle(Object(Illuminate\Http\Request), Object(Closure))
#43 D:\working\Codes\laravel-test\vendor\compiled.php(12061): Illuminate\Pipeline\Pipeline->Illuminate\Pipeline\{closure}(Object(Illuminate\Http\Request))
#44 D:\working\Codes\laravel-test\vendor\compiled.php(9179): Illuminate\Cookie\Middleware\AddQueuedCookiesToResponse->handle(Object(Illuminate\Http\Request), Object(Closure))
#45 D:\working\Codes\laravel-test\vendor\compiled.php(12009): Illuminate\Pipeline\Pipeline->Illuminate\Pipeline\{closure}(Object(Illuminate\Http\Request))
#46 D:\working\Codes\laravel-test\vendor\compiled.php(9179): Illuminate\Cookie\Middleware\EncryptCookies->handle(Object(Illuminate\Http\Request), Object(Closure))
#47 D:\working\Codes\laravel-test\vendor\compiled.php(2584): Illuminate\Pipeline\Pipeline->Illuminate\Pipeline\{closure}(Object(Illuminate\Http\Request))
#48 D:\working\Codes\laravel-test\vendor\compiled.php(9179): Illuminate\Foundation\Http\Middleware\CheckForMaintenanceMode->handle(Object(Illuminate\Http\Request), Object(Closure))
#49 [internal function]: Illuminate\Pipeline\Pipeline->Illuminate\Pipeline\{closure}(Object(Illuminate\Http\Request))
#50 D:\working\Codes\laravel-test\vendor\compiled.php(9170): call_user_func(Object(Closure), Object(Illuminate\Http\Request))
#51 D:\working\Codes\laravel-test\vendor\compiled.php(1991): Illuminate\Pipeline\Pipeline->then(Object(Closure))
#52 D:\working\Codes\laravel-test\vendor\compiled.php(1978): Illuminate\Foundation\Http\Kernel->sendRequestThroughRouter(Object(Illuminate\Http\Request))
#53 D:\working\Codes\laravel-test\public\index.php(53): Illuminate\Foundation\Http\Kernel->handle(Object(Illuminate\Http\Request))
#54 D:\working\Codes\laravel-test\server.php(21): require_once('D:\\working\\Code...')
#55 {main}  
[2015-05-28 17:53:35] local.ERROR: exception 'PDOException' with message 'SQLSTATE[HY000] [1049] Unknown database 'sample2'' in D:\working\Codes\laravel-test\vendor\laravel\framework\src\Illuminate\Database\Connectors\Connector.php:47
Stack trace:
#0 D:\working\Codes\laravel-test\vendor\laravel\framework\src\Illuminate\Database\Connectors\Connector.php(47): PDO->__construct('mysql:host=loca...', 'root', '', Array)
#1 D:\working\Codes\laravel-test\vendor\laravel\framework\src\Illuminate\Database\Connectors\MySqlConnector.php(20): Illuminate\Database\Connectors\Connector->createConnection('mysql:host=loca...', Array, Array)
#2 D:\working\Codes\laravel-test\vendor\compiled.php(10935): Illuminate\Database\Connectors\MySqlConnector->connect(Array)
#3 D:\working\Codes\laravel-test\vendor\compiled.php(10931): Illuminate\Database\Connectors\ConnectionFactory->createSingleConnection(Array)
#4 D:\working\Codes\laravel-test\vendor\compiled.php(10847): Illuminate\Database\Connectors\ConnectionFactory->make(Array, 'mysql')
#5 D:\working\Codes\laravel-test\vendor\compiled.php(10802): Illuminate\Database\DatabaseManager->makeConnection('mysql')
#6 D:\working\Codes\laravel-test\vendor\compiled.php(10680): Illuminate\Database\DatabaseManager->connection(NULL)
#7 D:\working\Codes\laravel-test\vendor\compiled.php(10667): Illuminate\Database\Eloquent\Model::resolveConnection(NULL)
#8 D:\working\Codes\laravel-test\vendor\compiled.php(10156): Illuminate\Database\Eloquent\Model->getConnection()
#9 D:\working\Codes\laravel-test\vendor\compiled.php(10133): Illuminate\Database\Eloquent\Model->newBaseQueryBuilder()
#10 D:\working\Codes\laravel-test\vendor\compiled.php(10123): Illuminate\Database\Eloquent\Model->newQueryWithoutScopes()
#11 D:\working\Codes\laravel-test\vendor\compiled.php(9678): Illuminate\Database\Eloquent\Model->newQuery()
#12 D:\working\Codes\laravel-test\app\Http\Controllers\PostController.php(20): Illuminate\Database\Eloquent\Model::all()
#13 [internal function]: App\Http\Controllers\PostController->index()
#14 D:\working\Codes\laravel-test\vendor\compiled.php(8501): call_user_func_array(Array, Array)
#15 D:\working\Codes\laravel-test\vendor\compiled.php(8569): Illuminate\Routing\Controller->callAction('index', Array)
#16 D:\working\Codes\laravel-test\vendor\compiled.php(8548): Illuminate\Routing\ControllerDispatcher->call(Object(App\Http\Controllers\PostController), Object(Illuminate\Routing\Route), 'index')
#17 [internal function]: Illuminate\Routing\ControllerDispatcher->Illuminate\Routing\{closure}(Object(Illuminate\Http\Request))
#18 D:\working\Codes\laravel-test\vendor\compiled.php(9187): call_user_func(Object(Closure), Object(Illuminate\Http\Request))
#19 [internal function]: Illuminate\Pipeline\Pipeline->Illuminate\Pipeline\{closure}(Object(Illuminate\Http\Request))
#20 D:\working\Codes\laravel-test\vendor\compiled.php(9170): call_user_func(Object(Closure), Object(Illuminate\Http\Request))
#21 D:\working\Codes\laravel-test\vendor\compiled.php(8549): Illuminate\Pipeline\Pipeline->then(Object(Closure))
#22 D:\working\Codes\laravel-test\vendor\compiled.php(8535): Illuminate\Routing\ControllerDispatcher->callWithinStack(Object(App\Http\Controllers\PostController), Object(Illuminate\Routing\Route), Object(Illuminate\Http\Request), 'index')
#23 D:\working\Codes\laravel-test\vendor\compiled.php(7526): Illuminate\Routing\ControllerDispatcher->dispatch(Object(Illuminate\Routing\Route), Object(Illuminate\Http\Request), 'App\\Http\\Contro...', 'index')
#24 D:\working\Codes\laravel-test\vendor\compiled.php(7497): Illuminate\Routing\Route->runWithCustomDispatcher(Object(Illuminate\Http\Request))
#25 D:\working\Codes\laravel-test\vendor\compiled.php(7162): Illuminate\Routing\Route->run(Object(Illuminate\Http\Request))
#26 [internal function]: Illuminate\Routing\Router->Illuminate\Routing\{closure}(Object(Illuminate\Http\Request))
#27 D:\working\Codes\laravel-test\vendor\compiled.php(9187): call_user_func(Object(Closure), Object(Illuminate\Http\Request))
#28 [internal function]: Illuminate\Pipeline\Pipeline->Illuminate\Pipeline\{closure}(Object(Illuminate\Http\Request))
#29 D:\working\Codes\laravel-test\vendor\compiled.php(9170): call_user_func(Object(Closure), Object(Illuminate\Http\Request))
#30 D:\working\Codes\laravel-test\vendor\compiled.php(7163): Illuminate\Pipeline\Pipeline->then(Object(Closure))
#31 D:\working\Codes\laravel-test\vendor\compiled.php(7152): Illuminate\Routing\Router->runRouteWithinStack(Object(Illuminate\Routing\Route), Object(Illuminate\Http\Request))
#32 D:\working\Codes\laravel-test\vendor\compiled.php(7137): Illuminate\Routing\Router->dispatchToRoute(Object(Illuminate\Http\Request))
#33 D:\working\Codes\laravel-test\vendor\compiled.php(2035): Illuminate\Routing\Router->dispatch(Object(Illuminate\Http\Request))
#34 [internal function]: Illuminate\Foundation\Http\Kernel->Illuminate\Foundation\Http\{closure}(Object(Illuminate\Http\Request))
#35 D:\working\Codes\laravel-test\vendor\compiled.php(9187): call_user_func(Object(Closure), Object(Illuminate\Http\Request))
#36 D:\working\Codes\laravel-test\vendor\compiled.php(2543): Illuminate\Pipeline\Pipeline->Illuminate\Pipeline\{closure}(Object(Illuminate\Http\Request))
#37 D:\working\Codes\laravel-test\app\Http\Middleware\VerifyCsrfToken.php(17): Illuminate\Foundation\Http\Middleware\VerifyCsrfToken->handle(Object(Illuminate\Http\Request), Object(Closure))
#38 D:\working\Codes\laravel-test\vendor\compiled.php(9179): App\Http\Middleware\VerifyCsrfToken->handle(Object(Illuminate\Http\Request), Object(Closure))
#39 D:\working\Codes\laravel-test\vendor\compiled.php(12359): Illuminate\Pipeline\Pipeline->Illuminate\Pipeline\{closure}(Object(Illuminate\Http\Request))
#40 D:\working\Codes\laravel-test\vendor\compiled.php(9179): Illuminate\View\Middleware\ShareErrorsFromSession->handle(Object(Illuminate\Http\Request), Object(Closure))
#41 D:\working\Codes\laravel-test\vendor\compiled.php(11049): Illuminate\Pipeline\Pipeline->Illuminate\Pipeline\{closure}(Object(Illuminate\Http\Request))
#42 D:\working\Codes\laravel-test\vendor\compiled.php(9179): Illuminate\Session\Middleware\StartSession->handle(Object(Illuminate\Http\Request), Object(Closure))
#43 D:\working\Codes\laravel-test\vendor\compiled.php(12061): Illuminate\Pipeline\Pipeline->Illuminate\Pipeline\{closure}(Object(Illuminate\Http\Request))
#44 D:\working\Codes\laravel-test\vendor\compiled.php(9179): Illuminate\Cookie\Middleware\AddQueuedCookiesToResponse->handle(Object(Illuminate\Http\Request), Object(Closure))
#45 D:\working\Codes\laravel-test\vendor\compiled.php(12009): Illuminate\Pipeline\Pipeline->Illuminate\Pipeline\{closure}(Object(Illuminate\Http\Request))
#46 D:\working\Codes\laravel-test\vendor\compiled.php(9179): Illuminate\Cookie\Middleware\EncryptCookies->handle(Object(Illuminate\Http\Request), Object(Closure))
#47 D:\working\Codes\laravel-test\vendor\compiled.php(2584): Illuminate\Pipeline\Pipeline->Illuminate\Pipeline\{closure}(Object(Illuminate\Http\Request))
#48 D:\working\Codes\laravel-test\vendor\compiled.php(9179): Illuminate\Foundation\Http\Middleware\CheckForMaintenanceMode->handle(Object(Illuminate\Http\Request), Object(Closure))
#49 [internal function]: Illuminate\Pipeline\Pipeline->Illuminate\Pipeline\{closure}(Object(Illuminate\Http\Request))
#50 D:\working\Codes\laravel-test\vendor\compiled.php(9170): call_user_func(Object(Closure), Object(Illuminate\Http\Request))
#51 D:\working\Codes\laravel-test\vendor\compiled.php(1991): Illuminate\Pipeline\Pipeline->then(Object(Closure))
#52 D:\working\Codes\laravel-test\vendor\compiled.php(1978): Illuminate\Foundation\Http\Kernel->sendRequestThroughRouter(Object(Illuminate\Http\Request))
#53 D:\working\Codes\laravel-test\public\index.php(53): Illuminate\Foundation\Http\Kernel->handle(Object(Illuminate\Http\Request))
#54 D:\working\Codes\laravel-test\server.php(21): require_once('D:\\working\\Code...')
#55 {main}  
[2015-05-28 17:53:36] local.ERROR: exception 'PDOException' with message 'SQLSTATE[HY000] [1049] Unknown database 'sample2'' in D:\working\Codes\laravel-test\vendor\laravel\framework\src\Illuminate\Database\Connectors\Connector.php:47
Stack trace:
#0 D:\working\Codes\laravel-test\vendor\laravel\framework\src\Illuminate\Database\Connectors\Connector.php(47): PDO->__construct('mysql:host=loca...', 'root', '', Array)
#1 D:\working\Codes\laravel-test\vendor\laravel\framework\src\Illuminate\Database\Connectors\MySqlConnector.php(20): Illuminate\Database\Connectors\Connector->createConnection('mysql:host=loca...', Array, Array)
#2 D:\working\Codes\laravel-test\vendor\compiled.php(10935): Illuminate\Database\Connectors\MySqlConnector->connect(Array)
#3 D:\working\Codes\laravel-test\vendor\compiled.php(10931): Illuminate\Database\Connectors\ConnectionFactory->createSingleConnection(Array)
#4 D:\working\Codes\laravel-test\vendor\compiled.php(10847): Illuminate\Database\Connectors\ConnectionFactory->make(Array, 'mysql')
#5 D:\working\Codes\laravel-test\vendor\compiled.php(10802): Illuminate\Database\DatabaseManager->makeConnection('mysql')
#6 D:\working\Codes\laravel-test\vendor\compiled.php(10680): Illuminate\Database\DatabaseManager->connection(NULL)
#7 D:\working\Codes\laravel-test\vendor\compiled.php(10667): Illuminate\Database\Eloquent\Model::resolveConnection(NULL)
#8 D:\working\Codes\laravel-test\vendor\compiled.php(10156): Illuminate\Database\Eloquent\Model->getConnection()
#9 D:\working\Codes\laravel-test\vendor\compiled.php(10133): Illuminate\Database\Eloquent\Model->newBaseQueryBuilder()
#10 D:\working\Codes\laravel-test\vendor\compiled.php(10123): Illuminate\Database\Eloquent\Model->newQueryWithoutScopes()
#11 D:\working\Codes\laravel-test\vendor\compiled.php(9678): Illuminate\Database\Eloquent\Model->newQuery()
#12 D:\working\Codes\laravel-test\app\Http\Controllers\PostController.php(20): Illuminate\Database\Eloquent\Model::all()
#13 [internal function]: App\Http\Controllers\PostController->index()
#14 D:\working\Codes\laravel-test\vendor\compiled.php(8501): call_user_func_array(Array, Array)
#15 D:\working\Codes\laravel-test\vendor\compiled.php(8569): Illuminate\Routing\Controller->callAction('index', Array)
#16 D:\working\Codes\laravel-test\vendor\compiled.php(8548): Illuminate\Routing\ControllerDispatcher->call(Object(App\Http\Controllers\PostController), Object(Illuminate\Routing\Route), 'index')
#17 [internal function]: Illuminate\Routing\ControllerDispatcher->Illuminate\Routing\{closure}(Object(Illuminate\Http\Request))
#18 D:\working\Codes\laravel-test\vendor\compiled.php(9187): call_user_func(Object(Closure), Object(Illuminate\Http\Request))
#19 [internal function]: Illuminate\Pipeline\Pipeline->Illuminate\Pipeline\{closure}(Object(Illuminate\Http\Request))
#20 D:\working\Codes\laravel-test\vendor\compiled.php(9170): call_user_func(Object(Closure), Object(Illuminate\Http\Request))
#21 D:\working\Codes\laravel-test\vendor\compiled.php(8549): Illuminate\Pipeline\Pipeline->then(Object(Closure))
#22 D:\working\Codes\laravel-test\vendor\compiled.php(8535): Illuminate\Routing\ControllerDispatcher->callWithinStack(Object(App\Http\Controllers\PostController), Object(Illuminate\Routing\Route), Object(Illuminate\Http\Request), 'index')
#23 D:\working\Codes\laravel-test\vendor\compiled.php(7526): Illuminate\Routing\ControllerDispatcher->dispatch(Object(Illuminate\Routing\Route), Object(Illuminate\Http\Request), 'App\\Http\\Contro...', 'index')
#24 D:\working\Codes\laravel-test\vendor\compiled.php(7497): Illuminate\Routing\Route->runWithCustomDispatcher(Object(Illuminate\Http\Request))
#25 D:\working\Codes\laravel-test\vendor\compiled.php(7162): Illuminate\Routing\Route->run(Object(Illuminate\Http\Request))
#26 [internal function]: Illuminate\Routing\Router->Illuminate\Routing\{closure}(Object(Illuminate\Http\Request))
#27 D:\working\Codes\laravel-test\vendor\compiled.php(9187): call_user_func(Object(Closure), Object(Illuminate\Http\Request))
#28 [internal function]: Illuminate\Pipeline\Pipeline->Illuminate\Pipeline\{closure}(Object(Illuminate\Http\Request))
#29 D:\working\Codes\laravel-test\vendor\compiled.php(9170): call_user_func(Object(Closure), Object(Illuminate\Http\Request))
#30 D:\working\Codes\laravel-test\vendor\compiled.php(7163): Illuminate\Pipeline\Pipeline->then(Object(Closure))
#31 D:\working\Codes\laravel-test\vendor\compiled.php(7152): Illuminate\Routing\Router->runRouteWithinStack(Object(Illuminate\Routing\Route), Object(Illuminate\Http\Request))
#32 D:\working\Codes\laravel-test\vendor\compiled.php(7137): Illuminate\Routing\Router->dispatchToRoute(Object(Illuminate\Http\Request))
#33 D:\working\Codes\laravel-test\vendor\compiled.php(2035): Illuminate\Routing\Router->dispatch(Object(Illuminate\Http\Request))
#34 [internal function]: Illuminate\Foundation\Http\Kernel->Illuminate\Foundation\Http\{closure}(Object(Illuminate\Http\Request))
#35 D:\working\Codes\laravel-test\vendor\compiled.php(9187): call_user_func(Object(Closure), Object(Illuminate\Http\Request))
#36 D:\working\Codes\laravel-test\vendor\compiled.php(2543): Illuminate\Pipeline\Pipeline->Illuminate\Pipeline\{closure}(Object(Illuminate\Http\Request))
#37 D:\working\Codes\laravel-test\app\Http\Middleware\VerifyCsrfToken.php(17): Illuminate\Foundation\Http\Middleware\VerifyCsrfToken->handle(Object(Illuminate\Http\Request), Object(Closure))
#38 D:\working\Codes\laravel-test\vendor\compiled.php(9179): App\Http\Middleware\VerifyCsrfToken->handle(Object(Illuminate\Http\Request), Object(Closure))
#39 D:\working\Codes\laravel-test\vendor\compiled.php(12359): Illuminate\Pipeline\Pipeline->Illuminate\Pipeline\{closure}(Object(Illuminate\Http\Request))
#40 D:\working\Codes\laravel-test\vendor\compiled.php(9179): Illuminate\View\Middleware\ShareErrorsFromSession->handle(Object(Illuminate\Http\Request), Object(Closure))
#41 D:\working\Codes\laravel-test\vendor\compiled.php(11049): Illuminate\Pipeline\Pipeline->Illuminate\Pipeline\{closure}(Object(Illuminate\Http\Request))
#42 D:\working\Codes\laravel-test\vendor\compiled.php(9179): Illuminate\Session\Middleware\StartSession->handle(Object(Illuminate\Http\Request), Object(Closure))
#43 D:\working\Codes\laravel-test\vendor\compiled.php(12061): Illuminate\Pipeline\Pipeline->Illuminate\Pipeline\{closure}(Object(Illuminate\Http\Request))
#44 D:\working\Codes\laravel-test\vendor\compiled.php(9179): Illuminate\Cookie\Middleware\AddQueuedCookiesToResponse->handle(Object(Illuminate\Http\Request), Object(Closure))
#45 D:\working\Codes\laravel-test\vendor\compiled.php(12009): Illuminate\Pipeline\Pipeline->Illuminate\Pipeline\{closure}(Object(Illuminate\Http\Request))
#46 D:\working\Codes\laravel-test\vendor\compiled.php(9179): Illuminate\Cookie\Middleware\EncryptCookies->handle(Object(Illuminate\Http\Request), Object(Closure))
#47 D:\working\Codes\laravel-test\vendor\compiled.php(2584): Illuminate\Pipeline\Pipeline->Illuminate\Pipeline\{closure}(Object(Illuminate\Http\Request))
#48 D:\working\Codes\laravel-test\vendor\compiled.php(9179): Illuminate\Foundation\Http\Middleware\CheckForMaintenanceMode->handle(Object(Illuminate\Http\Request), Object(Closure))
#49 [internal function]: Illuminate\Pipeline\Pipeline->Illuminate\Pipeline\{closure}(Object(Illuminate\Http\Request))
#50 D:\working\Codes\laravel-test\vendor\compiled.php(9170): call_user_func(Object(Closure), Object(Illuminate\Http\Request))
#51 D:\working\Codes\laravel-test\vendor\compiled.php(1991): Illuminate\Pipeline\Pipeline->then(Object(Closure))
#52 D:\working\Codes\laravel-test\vendor\compiled.php(1978): Illuminate\Foundation\Http\Kernel->sendRequestThroughRouter(Object(Illuminate\Http\Request))
#53 D:\working\Codes\laravel-test\public\index.php(53): Illuminate\Foundation\Http\Kernel->handle(Object(Illuminate\Http\Request))
#54 D:\working\Codes\laravel-test\server.php(21): require_once('D:\\working\\Code...')
#55 {main}  
[2015-05-28 17:53:36] local.ERROR: exception 'PDOException' with message 'SQLSTATE[HY000] [1049] Unknown database 'sample2'' in D:\working\Codes\laravel-test\vendor\laravel\framework\src\Illuminate\Database\Connectors\Connector.php:47
Stack trace:
#0 D:\working\Codes\laravel-test\vendor\laravel\framework\src\Illuminate\Database\Connectors\Connector.php(47): PDO->__construct('mysql:host=loca...', 'root', '', Array)
#1 D:\working\Codes\laravel-test\vendor\laravel\framework\src\Illuminate\Database\Connectors\MySqlConnector.php(20): Illuminate\Database\Connectors\Connector->createConnection('mysql:host=loca...', Array, Array)
#2 D:\working\Codes\laravel-test\vendor\compiled.php(10935): Illuminate\Database\Connectors\MySqlConnector->connect(Array)
#3 D:\working\Codes\laravel-test\vendor\compiled.php(10931): Illuminate\Database\Connectors\ConnectionFactory->createSingleConnection(Array)
#4 D:\working\Codes\laravel-test\vendor\compiled.php(10847): Illuminate\Database\Connectors\ConnectionFactory->make(Array, 'mysql')
#5 D:\working\Codes\laravel-test\vendor\compiled.php(10802): Illuminate\Database\DatabaseManager->makeConnection('mysql')
#6 D:\working\Codes\laravel-test\vendor\compiled.php(10680): Illuminate\Database\DatabaseManager->connection(NULL)
#7 D:\working\Codes\laravel-test\vendor\compiled.php(10667): Illuminate\Database\Eloquent\Model::resolveConnection(NULL)
#8 D:\working\Codes\laravel-test\vendor\compiled.php(10156): Illuminate\Database\Eloquent\Model->getConnection()
#9 D:\working\Codes\laravel-test\vendor\compiled.php(10133): Illuminate\Database\Eloquent\Model->newBaseQueryBuilder()
#10 D:\working\Codes\laravel-test\vendor\compiled.php(10123): Illuminate\Database\Eloquent\Model->newQueryWithoutScopes()
#11 D:\working\Codes\laravel-test\vendor\compiled.php(9678): Illuminate\Database\Eloquent\Model->newQuery()
#12 D:\working\Codes\laravel-test\app\Http\Controllers\PostController.php(20): Illuminate\Database\Eloquent\Model::all()
#13 [internal function]: App\Http\Controllers\PostController->index()
#14 D:\working\Codes\laravel-test\vendor\compiled.php(8501): call_user_func_array(Array, Array)
#15 D:\working\Codes\laravel-test\vendor\compiled.php(8569): Illuminate\Routing\Controller->callAction('index', Array)
#16 D:\working\Codes\laravel-test\vendor\compiled.php(8548): Illuminate\Routing\ControllerDispatcher->call(Object(App\Http\Controllers\PostController), Object(Illuminate\Routing\Route), 'index')
#17 [internal function]: Illuminate\Routing\ControllerDispatcher->Illuminate\Routing\{closure}(Object(Illuminate\Http\Request))
#18 D:\working\Codes\laravel-test\vendor\compiled.php(9187): call_user_func(Object(Closure), Object(Illuminate\Http\Request))
#19 [internal function]: Illuminate\Pipeline\Pipeline->Illuminate\Pipeline\{closure}(Object(Illuminate\Http\Request))
#20 D:\working\Codes\laravel-test\vendor\compiled.php(9170): call_user_func(Object(Closure), Object(Illuminate\Http\Request))
#21 D:\working\Codes\laravel-test\vendor\compiled.php(8549): Illuminate\Pipeline\Pipeline->then(Object(Closure))
#22 D:\working\Codes\laravel-test\vendor\compiled.php(8535): Illuminate\Routing\ControllerDispatcher->callWithinStack(Object(App\Http\Controllers\PostController), Object(Illuminate\Routing\Route), Object(Illuminate\Http\Request), 'index')
#23 D:\working\Codes\laravel-test\vendor\compiled.php(7526): Illuminate\Routing\ControllerDispatcher->dispatch(Object(Illuminate\Routing\Route), Object(Illuminate\Http\Request), 'App\\Http\\Contro...', 'index')
#24 D:\working\Codes\laravel-test\vendor\compiled.php(7497): Illuminate\Routing\Route->runWithCustomDispatcher(Object(Illuminate\Http\Request))
#25 D:\working\Codes\laravel-test\vendor\compiled.php(7162): Illuminate\Routing\Route->run(Object(Illuminate\Http\Request))
#26 [internal function]: Illuminate\Routing\Router->Illuminate\Routing\{closure}(Object(Illuminate\Http\Request))
#27 D:\working\Codes\laravel-test\vendor\compiled.php(9187): call_user_func(Object(Closure), Object(Illuminate\Http\Request))
#28 [internal function]: Illuminate\Pipeline\Pipeline->Illuminate\Pipeline\{closure}(Object(Illuminate\Http\Request))
#29 D:\working\Codes\laravel-test\vendor\compiled.php(9170): call_user_func(Object(Closure), Object(Illuminate\Http\Request))
#30 D:\working\Codes\laravel-test\vendor\compiled.php(7163): Illuminate\Pipeline\Pipeline->then(Object(Closure))
#31 D:\working\Codes\laravel-test\vendor\compiled.php(7152): Illuminate\Routing\Router->runRouteWithinStack(Object(Illuminate\Routing\Route), Object(Illuminate\Http\Request))
#32 D:\working\Codes\laravel-test\vendor\compiled.php(7137): Illuminate\Routing\Router->dispatchToRoute(Object(Illuminate\Http\Request))
#33 D:\working\Codes\laravel-test\vendor\compiled.php(2035): Illuminate\Routing\Router->dispatch(Object(Illuminate\Http\Request))
#34 [internal function]: Illuminate\Foundation\Http\Kernel->Illuminate\Foundation\Http\{closure}(Object(Illuminate\Http\Request))
#35 D:\working\Codes\laravel-test\vendor\compiled.php(9187): call_user_func(Object(Closure), Object(Illuminate\Http\Request))
#36 D:\working\Codes\laravel-test\vendor\compiled.php(2543): Illuminate\Pipeline\Pipeline->Illuminate\Pipeline\{closure}(Object(Illuminate\Http\Request))
#37 D:\working\Codes\laravel-test\app\Http\Middleware\VerifyCsrfToken.php(17): Illuminate\Foundation\Http\Middleware\VerifyCsrfToken->handle(Object(Illuminate\Http\Request), Object(Closure))
#38 D:\working\Codes\laravel-test\vendor\compiled.php(9179): App\Http\Middleware\VerifyCsrfToken->handle(Object(Illuminate\Http\Request), Object(Closure))
#39 D:\working\Codes\laravel-test\vendor\compiled.php(12359): Illuminate\Pipeline\Pipeline->Illuminate\Pipeline\{closure}(Object(Illuminate\Http\Request))
#40 D:\working\Codes\laravel-test\vendor\compiled.php(9179): Illuminate\View\Middleware\ShareErrorsFromSession->handle(Object(Illuminate\Http\Request), Object(Closure))
#41 D:\working\Codes\laravel-test\vendor\compiled.php(11049): Illuminate\Pipeline\Pipeline->Illuminate\Pipeline\{closure}(Object(Illuminate\Http\Request))
#42 D:\working\Codes\laravel-test\vendor\compiled.php(9179): Illuminate\Session\Middleware\StartSession->handle(Object(Illuminate\Http\Request), Object(Closure))
#43 D:\working\Codes\laravel-test\vendor\compiled.php(12061): Illuminate\Pipeline\Pipeline->Illuminate\Pipeline\{closure}(Object(Illuminate\Http\Request))
#44 D:\working\Codes\laravel-test\vendor\compiled.php(9179): Illuminate\Cookie\Middleware\AddQueuedCookiesToResponse->handle(Object(Illuminate\Http\Request), Object(Closure))
#45 D:\working\Codes\laravel-test\vendor\compiled.php(12009): Illuminate\Pipeline\Pipeline->Illuminate\Pipeline\{closure}(Object(Illuminate\Http\Request))
#46 D:\working\Codes\laravel-test\vendor\compiled.php(9179): Illuminate\Cookie\Middleware\EncryptCookies->handle(Object(Illuminate\Http\Request), Object(Closure))
#47 D:\working\Codes\laravel-test\vendor\compiled.php(2584): Illuminate\Pipeline\Pipeline->Illuminate\Pipeline\{closure}(Object(Illuminate\Http\Request))
#48 D:\working\Codes\laravel-test\vendor\compiled.php(9179): Illuminate\Foundation\Http\Middleware\CheckForMaintenanceMode->handle(Object(Illuminate\Http\Request), Object(Closure))
#49 [internal function]: Illuminate\Pipeline\Pipeline->Illuminate\Pipeline\{closure}(Object(Illuminate\Http\Request))
#50 D:\working\Codes\laravel-test\vendor\compiled.php(9170): call_user_func(Object(Closure), Object(Illuminate\Http\Request))
#51 D:\working\Codes\laravel-test\vendor\compiled.php(1991): Illuminate\Pipeline\Pipeline->then(Object(Closure))
#52 D:\working\Codes\laravel-test\vendor\compiled.php(1978): Illuminate\Foundation\Http\Kernel->sendRequestThroughRouter(Object(Illuminate\Http\Request))
#53 D:\working\Codes\laravel-test\public\index.php(53): Illuminate\Foundation\Http\Kernel->handle(Object(Illuminate\Http\Request))
#54 D:\working\Codes\laravel-test\server.php(21): require_once('D:\\working\\Code...')
#55 {main}  
[2015-05-28 17:53:37] local.ERROR: exception 'PDOException' with message 'SQLSTATE[HY000] [1049] Unknown database 'sample2'' in D:\working\Codes\laravel-test\vendor\laravel\framework\src\Illuminate\Database\Connectors\Connector.php:47
Stack trace:
#0 D:\working\Codes\laravel-test\vendor\laravel\framework\src\Illuminate\Database\Connectors\Connector.php(47): PDO->__construct('mysql:host=loca...', 'root', '', Array)
#1 D:\working\Codes\laravel-test\vendor\laravel\framework\src\Illuminate\Database\Connectors\MySqlConnector.php(20): Illuminate\Database\Connectors\Connector->createConnection('mysql:host=loca...', Array, Array)
#2 D:\working\Codes\laravel-test\vendor\compiled.php(10935): Illuminate\Database\Connectors\MySqlConnector->connect(Array)
#3 D:\working\Codes\laravel-test\vendor\compiled.php(10931): Illuminate\Database\Connectors\ConnectionFactory->createSingleConnection(Array)
#4 D:\working\Codes\laravel-test\vendor\compiled.php(10847): Illuminate\Database\Connectors\ConnectionFactory->make(Array, 'mysql')
#5 D:\working\Codes\laravel-test\vendor\compiled.php(10802): Illuminate\Database\DatabaseManager->makeConnection('mysql')
#6 D:\working\Codes\laravel-test\vendor\compiled.php(10680): Illuminate\Database\DatabaseManager->connection(NULL)
#7 D:\working\Codes\laravel-test\vendor\compiled.php(10667): Illuminate\Database\Eloquent\Model::resolveConnection(NULL)
#8 D:\working\Codes\laravel-test\vendor\compiled.php(10156): Illuminate\Database\Eloquent\Model->getConnection()
#9 D:\working\Codes\laravel-test\vendor\compiled.php(10133): Illuminate\Database\Eloquent\Model->newBaseQueryBuilder()
#10 D:\working\Codes\laravel-test\vendor\compiled.php(10123): Illuminate\Database\Eloquent\Model->newQueryWithoutScopes()
#11 D:\working\Codes\laravel-test\vendor\compiled.php(9678): Illuminate\Database\Eloquent\Model->newQuery()
#12 D:\working\Codes\laravel-test\app\Http\Controllers\PostController.php(20): Illuminate\Database\Eloquent\Model::all()
#13 [internal function]: App\Http\Controllers\PostController->index()
#14 D:\working\Codes\laravel-test\vendor\compiled.php(8501): call_user_func_array(Array, Array)
#15 D:\working\Codes\laravel-test\vendor\compiled.php(8569): Illuminate\Routing\Controller->callAction('index', Array)
#16 D:\working\Codes\laravel-test\vendor\compiled.php(8548): Illuminate\Routing\ControllerDispatcher->call(Object(App\Http\Controllers\PostController), Object(Illuminate\Routing\Route), 'index')
#17 [internal function]: Illuminate\Routing\ControllerDispatcher->Illuminate\Routing\{closure}(Object(Illuminate\Http\Request))
#18 D:\working\Codes\laravel-test\vendor\compiled.php(9187): call_user_func(Object(Closure), Object(Illuminate\Http\Request))
#19 [internal function]: Illuminate\Pipeline\Pipeline->Illuminate\Pipeline\{closure}(Object(Illuminate\Http\Request))
#20 D:\working\Codes\laravel-test\vendor\compiled.php(9170): call_user_func(Object(Closure), Object(Illuminate\Http\Request))
#21 D:\working\Codes\laravel-test\vendor\compiled.php(8549): Illuminate\Pipeline\Pipeline->then(Object(Closure))
#22 D:\working\Codes\laravel-test\vendor\compiled.php(8535): Illuminate\Routing\ControllerDispatcher->callWithinStack(Object(App\Http\Controllers\PostController), Object(Illuminate\Routing\Route), Object(Illuminate\Http\Request), 'index')
#23 D:\working\Codes\laravel-test\vendor\compiled.php(7526): Illuminate\Routing\ControllerDispatcher->dispatch(Object(Illuminate\Routing\Route), Object(Illuminate\Http\Request), 'App\\Http\\Contro...', 'index')
#24 D:\working\Codes\laravel-test\vendor\compiled.php(7497): Illuminate\Routing\Route->runWithCustomDispatcher(Object(Illuminate\Http\Request))
#25 D:\working\Codes\laravel-test\vendor\compiled.php(7162): Illuminate\Routing\Route->run(Object(Illuminate\Http\Request))
#26 [internal function]: Illuminate\Routing\Router->Illuminate\Routing\{closure}(Object(Illuminate\Http\Request))
#27 D:\working\Codes\laravel-test\vendor\compiled.php(9187): call_user_func(Object(Closure), Object(Illuminate\Http\Request))
#28 [internal function]: Illuminate\Pipeline\Pipeline->Illuminate\Pipeline\{closure}(Object(Illuminate\Http\Request))
#29 D:\working\Codes\laravel-test\vendor\compiled.php(9170): call_user_func(Object(Closure), Object(Illuminate\Http\Request))
#30 D:\working\Codes\laravel-test\vendor\compiled.php(7163): Illuminate\Pipeline\Pipeline->then(Object(Closure))
#31 D:\working\Codes\laravel-test\vendor\compiled.php(7152): Illuminate\Routing\Router->runRouteWithinStack(Object(Illuminate\Routing\Route), Object(Illuminate\Http\Request))
#32 D:\working\Codes\laravel-test\vendor\compiled.php(7137): Illuminate\Routing\Router->dispatchToRoute(Object(Illuminate\Http\Request))
#33 D:\working\Codes\laravel-test\vendor\compiled.php(2035): Illuminate\Routing\Router->dispatch(Object(Illuminate\Http\Request))
#34 [internal function]: Illuminate\Foundation\Http\Kernel->Illuminate\Foundation\Http\{closure}(Object(Illuminate\Http\Request))
#35 D:\working\Codes\laravel-test\vendor\compiled.php(9187): call_user_func(Object(Closure), Object(Illuminate\Http\Request))
#36 D:\working\Codes\laravel-test\vendor\compiled.php(2543): Illuminate\Pipeline\Pipeline->Illuminate\Pipeline\{closure}(Object(Illuminate\Http\Request))
#37 D:\working\Codes\laravel-test\app\Http\Middleware\VerifyCsrfToken.php(17): Illuminate\Foundation\Http\Middleware\VerifyCsrfToken->handle(Object(Illuminate\Http\Request), Object(Closure))
#38 D:\working\Codes\laravel-test\vendor\compiled.php(9179): App\Http\Middleware\VerifyCsrfToken->handle(Object(Illuminate\Http\Request), Object(Closure))
#39 D:\working\Codes\laravel-test\vendor\compiled.php(12359): Illuminate\Pipeline\Pipeline->Illuminate\Pipeline\{closure}(Object(Illuminate\Http\Request))
#40 D:\working\Codes\laravel-test\vendor\compiled.php(9179): Illuminate\View\Middleware\ShareErrorsFromSession->handle(Object(Illuminate\Http\Request), Object(Closure))
#41 D:\working\Codes\laravel-test\vendor\compiled.php(11049): Illuminate\Pipeline\Pipeline->Illuminate\Pipeline\{closure}(Object(Illuminate\Http\Request))
#42 D:\working\Codes\laravel-test\vendor\compiled.php(9179): Illuminate\Session\Middleware\StartSession->handle(Object(Illuminate\Http\Request), Object(Closure))
#43 D:\working\Codes\laravel-test\vendor\compiled.php(12061): Illuminate\Pipeline\Pipeline->Illuminate\Pipeline\{closure}(Object(Illuminate\Http\Request))
#44 D:\working\Codes\laravel-test\vendor\compiled.php(9179): Illuminate\Cookie\Middleware\AddQueuedCookiesToResponse->handle(Object(Illuminate\Http\Request), Object(Closure))
#45 D:\working\Codes\laravel-test\vendor\compiled.php(12009): Illuminate\Pipeline\Pipeline->Illuminate\Pipeline\{closure}(Object(Illuminate\Http\Request))
#46 D:\working\Codes\laravel-test\vendor\compiled.php(9179): Illuminate\Cookie\Middleware\EncryptCookies->handle(Object(Illuminate\Http\Request), Object(Closure))
#47 D:\working\Codes\laravel-test\vendor\compiled.php(2584): Illuminate\Pipeline\Pipeline->Illuminate\Pipeline\{closure}(Object(Illuminate\Http\Request))
#48 D:\working\Codes\laravel-test\vendor\compiled.php(9179): Illuminate\Foundation\Http\Middleware\CheckForMaintenanceMode->handle(Object(Illuminate\Http\Request), Object(Closure))
#49 [internal function]: Illuminate\Pipeline\Pipeline->Illuminate\Pipeline\{closure}(Object(Illuminate\Http\Request))
#50 D:\working\Codes\laravel-test\vendor\compiled.php(9170): call_user_func(Object(Closure), Object(Illuminate\Http\Request))
#51 D:\working\Codes\laravel-test\vendor\compiled.php(1991): Illuminate\Pipeline\Pipeline->then(Object(Closure))
#52 D:\working\Codes\laravel-test\vendor\compiled.php(1978): Illuminate\Foundation\Http\Kernel->sendRequestThroughRouter(Object(Illuminate\Http\Request))
#53 D:\working\Codes\laravel-test\public\index.php(53): Illuminate\Foundation\Http\Kernel->handle(Object(Illuminate\Http\Request))
#54 D:\working\Codes\laravel-test\server.php(21): require_once('D:\\working\\Code...')
#55 {main}  
[2015-05-28 17:53:37] local.ERROR: exception 'PDOException' with message 'SQLSTATE[HY000] [1049] Unknown database 'sample2'' in D:\working\Codes\laravel-test\vendor\laravel\framework\src\Illuminate\Database\Connectors\Connector.php:47
Stack trace:
#0 D:\working\Codes\laravel-test\vendor\laravel\framework\src\Illuminate\Database\Connectors\Connector.php(47): PDO->__construct('mysql:host=loca...', 'root', '', Array)
#1 D:\working\Codes\laravel-test\vendor\laravel\framework\src\Illuminate\Database\Connectors\MySqlConnector.php(20): Illuminate\Database\Connectors\Connector->createConnection('mysql:host=loca...', Array, Array)
#2 D:\working\Codes\laravel-test\vendor\compiled.php(10935): Illuminate\Database\Connectors\MySqlConnector->connect(Array)
#3 D:\working\Codes\laravel-test\vendor\compiled.php(10931): Illuminate\Database\Connectors\ConnectionFactory->createSingleConnection(Array)
#4 D:\working\Codes\laravel-test\vendor\compiled.php(10847): Illuminate\Database\Connectors\ConnectionFactory->make(Array, 'mysql')
#5 D:\working\Codes\laravel-test\vendor\compiled.php(10802): Illuminate\Database\DatabaseManager->makeConnection('mysql')
#6 D:\working\Codes\laravel-test\vendor\compiled.php(10680): Illuminate\Database\DatabaseManager->connection(NULL)
#7 D:\working\Codes\laravel-test\vendor\compiled.php(10667): Illuminate\Database\Eloquent\Model::resolveConnection(NULL)
#8 D:\working\Codes\laravel-test\vendor\compiled.php(10156): Illuminate\Database\Eloquent\Model->getConnection()
#9 D:\working\Codes\laravel-test\vendor\compiled.php(10133): Illuminate\Database\Eloquent\Model->newBaseQueryBuilder()
#10 D:\working\Codes\laravel-test\vendor\compiled.php(10123): Illuminate\Database\Eloquent\Model->newQueryWithoutScopes()
#11 D:\working\Codes\laravel-test\vendor\compiled.php(9678): Illuminate\Database\Eloquent\Model->newQuery()
#12 D:\working\Codes\laravel-test\app\Http\Controllers\PostController.php(20): Illuminate\Database\Eloquent\Model::all()
#13 [internal function]: App\Http\Controllers\PostController->index()
#14 D:\working\Codes\laravel-test\vendor\compiled.php(8501): call_user_func_array(Array, Array)
#15 D:\working\Codes\laravel-test\vendor\compiled.php(8569): Illuminate\Routing\Controller->callAction('index', Array)
#16 D:\working\Codes\laravel-test\vendor\compiled.php(8548): Illuminate\Routing\ControllerDispatcher->call(Object(App\Http\Controllers\PostController), Object(Illuminate\Routing\Route), 'index')
#17 [internal function]: Illuminate\Routing\ControllerDispatcher->Illuminate\Routing\{closure}(Object(Illuminate\Http\Request))
#18 D:\working\Codes\laravel-test\vendor\compiled.php(9187): call_user_func(Object(Closure), Object(Illuminate\Http\Request))
#19 [internal function]: Illuminate\Pipeline\Pipeline->Illuminate\Pipeline\{closure}(Object(Illuminate\Http\Request))
#20 D:\working\Codes\laravel-test\vendor\compiled.php(9170): call_user_func(Object(Closure), Object(Illuminate\Http\Request))
#21 D:\working\Codes\laravel-test\vendor\compiled.php(8549): Illuminate\Pipeline\Pipeline->then(Object(Closure))
#22 D:\working\Codes\laravel-test\vendor\compiled.php(8535): Illuminate\Routing\ControllerDispatcher->callWithinStack(Object(App\Http\Controllers\PostController), Object(Illuminate\Routing\Route), Object(Illuminate\Http\Request), 'index')
#23 D:\working\Codes\laravel-test\vendor\compiled.php(7526): Illuminate\Routing\ControllerDispatcher->dispatch(Object(Illuminate\Routing\Route), Object(Illuminate\Http\Request), 'App\\Http\\Contro...', 'index')
#24 D:\working\Codes\laravel-test\vendor\compiled.php(7497): Illuminate\Routing\Route->runWithCustomDispatcher(Object(Illuminate\Http\Request))
#25 D:\working\Codes\laravel-test\vendor\compiled.php(7162): Illuminate\Routing\Route->run(Object(Illuminate\Http\Request))
#26 [internal function]: Illuminate\Routing\Router->Illuminate\Routing\{closure}(Object(Illuminate\Http\Request))
#27 D:\working\Codes\laravel-test\vendor\compiled.php(9187): call_user_func(Object(Closure), Object(Illuminate\Http\Request))
#28 [internal function]: Illuminate\Pipeline\Pipeline->Illuminate\Pipeline\{closure}(Object(Illuminate\Http\Request))
#29 D:\working\Codes\laravel-test\vendor\compiled.php(9170): call_user_func(Object(Closure), Object(Illuminate\Http\Request))
#30 D:\working\Codes\laravel-test\vendor\compiled.php(7163): Illuminate\Pipeline\Pipeline->then(Object(Closure))
#31 D:\working\Codes\laravel-test\vendor\compiled.php(7152): Illuminate\Routing\Router->runRouteWithinStack(Object(Illuminate\Routing\Route), Object(Illuminate\Http\Request))
#32 D:\working\Codes\laravel-test\vendor\compiled.php(7137): Illuminate\Routing\Router->dispatchToRoute(Object(Illuminate\Http\Request))
#33 D:\working\Codes\laravel-test\vendor\compiled.php(2035): Illuminate\Routing\Router->dispatch(Object(Illuminate\Http\Request))
#34 [internal function]: Illuminate\Foundation\Http\Kernel->Illuminate\Foundation\Http\{closure}(Object(Illuminate\Http\Request))
#35 D:\working\Codes\laravel-test\vendor\compiled.php(9187): call_user_func(Object(Closure), Object(Illuminate\Http\Request))
#36 D:\working\Codes\laravel-test\vendor\compiled.php(2543): Illuminate\Pipeline\Pipeline->Illuminate\Pipeline\{closure}(Object(Illuminate\Http\Request))
#37 D:\working\Codes\laravel-test\app\Http\Middleware\VerifyCsrfToken.php(17): Illuminate\Foundation\Http\Middleware\VerifyCsrfToken->handle(Object(Illuminate\Http\Request), Object(Closure))
#38 D:\working\Codes\laravel-test\vendor\compiled.php(9179): App\Http\Middleware\VerifyCsrfToken->handle(Object(Illuminate\Http\Request), Object(Closure))
#39 D:\working\Codes\laravel-test\vendor\compiled.php(12359): Illuminate\Pipeline\Pipeline->Illuminate\Pipeline\{closure}(Object(Illuminate\Http\Request))
#40 D:\working\Codes\laravel-test\vendor\compiled.php(9179): Illuminate\View\Middleware\ShareErrorsFromSession->handle(Object(Illuminate\Http\Request), Object(Closure))
#41 D:\working\Codes\laravel-test\vendor\compiled.php(11049): Illuminate\Pipeline\Pipeline->Illuminate\Pipeline\{closure}(Object(Illuminate\Http\Request))
#42 D:\working\Codes\laravel-test\vendor\compiled.php(9179): Illuminate\Session\Middleware\StartSession->handle(Object(Illuminate\Http\Request), Object(Closure))
#43 D:\working\Codes\laravel-test\vendor\compiled.php(12061): Illuminate\Pipeline\Pipeline->Illuminate\Pipeline\{closure}(Object(Illuminate\Http\Request))
#44 D:\working\Codes\laravel-test\vendor\compiled.php(9179): Illuminate\Cookie\Middleware\AddQueuedCookiesToResponse->handle(Object(Illuminate\Http\Request), Object(Closure))
#45 D:\working\Codes\laravel-test\vendor\compiled.php(12009): Illuminate\Pipeline\Pipeline->Illuminate\Pipeline\{closure}(Object(Illuminate\Http\Request))
#46 D:\working\Codes\laravel-test\vendor\compiled.php(9179): Illuminate\Cookie\Middleware\EncryptCookies->handle(Object(Illuminate\Http\Request), Object(Closure))
#47 D:\working\Codes\laravel-test\vendor\compiled.php(2584): Illuminate\Pipeline\Pipeline->Illuminate\Pipeline\{closure}(Object(Illuminate\Http\Request))
#48 D:\working\Codes\laravel-test\vendor\compiled.php(9179): Illuminate\Foundation\Http\Middleware\CheckForMaintenanceMode->handle(Object(Illuminate\Http\Request), Object(Closure))
#49 [internal function]: Illuminate\Pipeline\Pipeline->Illuminate\Pipeline\{closure}(Object(Illuminate\Http\Request))
#50 D:\working\Codes\laravel-test\vendor\compiled.php(9170): call_user_func(Object(Closure), Object(Illuminate\Http\Request))
#51 D:\working\Codes\laravel-test\vendor\compiled.php(1991): Illuminate\Pipeline\Pipeline->then(Object(Closure))
#52 D:\working\Codes\laravel-test\vendor\compiled.php(1978): Illuminate\Foundation\Http\Kernel->sendRequestThroughRouter(Object(Illuminate\Http\Request))
#53 D:\working\Codes\laravel-test\public\index.php(53): Illuminate\Foundation\Http\Kernel->handle(Object(Illuminate\Http\Request))
#54 D:\working\Codes\laravel-test\server.php(21): require_once('D:\\working\\Code...')
#55 {main}  
[2015-05-28 17:58:27] local.ERROR: exception 'InvalidArgumentException' with message 'Command "key:gennerate" is not defined.

Did you mean one of these?
    key:generate
    event:generate' in D:\working\Codes\laravel-test\vendor\symfony\console\Symfony\Component\Console\Application.php:549
Stack trace:
#0 D:\working\Codes\laravel-test\vendor\symfony\console\Symfony\Component\Console\Application.php(192): Symfony\Component\Console\Application->find('key:gennerate')
#1 D:\working\Codes\laravel-test\vendor\symfony\console\Symfony\Component\Console\Application.php(126): Symfony\Component\Console\Application->doRun(Object(Symfony\Component\Console\Input\ArgvInput), Object(Symfony\Component\Console\Output\ConsoleOutput))
#2 D:\working\Codes\laravel-test\vendor\laravel\framework\src\Illuminate\Foundation\Console\Kernel.php(94): Symfony\Component\Console\Application->run(Object(Symfony\Component\Console\Input\ArgvInput), Object(Symfony\Component\Console\Output\ConsoleOutput))
#3 D:\working\Codes\laravel-test\artisan(36): Illuminate\Foundation\Console\Kernel->handle(Object(Symfony\Component\Console\Input\ArgvInput), Object(Symfony\Component\Console\Output\ConsoleOutput))
#4 {main}  
